10:11:40.276 [main] INFO  api.test.UserTests - -> Creating User
10:11:42.610 [main] INFO  api.test.UserTests - -> User is created
10:11:42.620 [main] INFO  api.test.UserTests - -> Reading User Info
10:11:43.389 [main] INFO  api.test.UserTests - -> User is update 
10:11:43.396 [main] INFO  api.test.UserTests - -> Updating User 
10:11:44.157 [main] INFO  api.test.UserTests - -> User  updated
10:11:44.911 [main] INFO  api.test.UserTests - -> Deleting User 
10:11:45.652 [main] INFO  api.test.UserTests - -> User deleted
10:12:31.622 [main] DEBUG api.test.UserTests - debugging...
10:12:31.639 [main] INFO  api.test.UserTests - -> Creating User
10:12:34.040 [main] INFO  api.test.UserTests - -> User is created
10:12:34.050 [main] INFO  api.test.UserTests - -> Reading User Info
10:12:34.812 [main] INFO  api.test.UserTests - -> User is update 
10:12:34.815 [main] INFO  api.test.UserTests - -> Updating User 
10:12:35.574 [main] INFO  api.test.UserTests - -> User  updated
10:12:36.324 [main] INFO  api.test.UserTests - -> Deleting User 
10:12:37.071 [main] INFO  api.test.UserTests - -> User deleted
10:37:25.245 [main] DEBUG api.test.UserTests - debugging...
10:37:25.258 [main] INFO  api.test.UserTests - -> Creating User
10:37:27.810 [main] INFO  api.test.UserTests - -> User is created
10:37:27.820 [main] INFO  api.test.UserTests - -> Reading User Info
10:37:28.584 [main] INFO  api.test.UserTests - -> User is update 
10:37:28.587 [main] INFO  api.test.UserTests - -> Updating User 
10:37:29.350 [main] INFO  api.test.UserTests - -> User  updated
10:37:30.097 [main] INFO  api.test.UserTests - -> Deleting User 
10:37:30.842 [main] INFO  api.test.UserTests - -> User deleted
10:40:28.473 [main] DEBUG api.test.UserTests - debugging...
10:40:28.487 [main] INFO  api.test.UserTests - -> Creating User
10:40:28.498 [main] INFO  api.test.UserTests - -> Reading User Info
10:40:28.500 [main] INFO  api.test.UserTests - -> Updating User 
10:40:28.503 [main] INFO  api.test.UserTests - -> Deleting User 
10:41:23.818 [main] DEBUG api.test.UserTests - debugging...
10:41:23.832 [main] INFO  api.test.UserTests - -> Creating User
10:41:26.153 [main] INFO  api.test.UserTests - -> User is created
10:41:26.156 [main] INFO  api.test.UserTests - -> Reading User Info
10:41:27.938 [main] INFO  api.test.UserTests - -> User is update 
10:41:27.940 [main] INFO  api.test.UserTests - -> Updating User 
10:41:28.691 [main] INFO  api.test.UserTests - -> User  updated
10:41:29.437 [main] INFO  api.test.UserTests - -> Deleting User 
10:41:30.181 [main] INFO  api.test.UserTests - -> User deleted
10:42:57.618 [main] DEBUG api.test.UserTestsToProperties - debugging...
10:42:57.633 [main] INFO  api.test.UserTestsToProperties - -> Creating User
10:42:57.643 [main] INFO  api.test.UserTestsToProperties - -> Reading User Info
10:42:57.645 [main] INFO  api.test.UserTestsToProperties - -> Updating User 
10:42:57.648 [main] INFO  api.test.UserTestsToProperties - -> Deleting User 
10:44:36.817 [main] DEBUG api.test.UserTestsToProperties - debugging...
10:44:36.834 [main] INFO  api.test.UserTestsToProperties - -> Creating User
10:44:36.846 [main] INFO  api.test.UserTestsToProperties - -> Reading User Info
10:44:36.848 [main] INFO  api.test.UserTestsToProperties - -> Updating User 
10:44:36.851 [main] INFO  api.test.UserTestsToProperties - -> Deleting User 
10:45:36.245 [main] DEBUG api.test.UserTestsToProperties - debugging...
10:45:36.259 [main] INFO  api.test.UserTestsToProperties - -> Creating User
10:45:36.280 [main] INFO  api.test.UserTestsToProperties - -> Reading User Info
10:45:36.283 [main] INFO  api.test.UserTestsToProperties - -> Updating User 
10:45:36.286 [main] INFO  api.test.UserTestsToProperties - -> Deleting User 
10:46:56.195 [main] DEBUG api.test.UserTestsToProperties - debugging...
10:46:56.208 [main] INFO  api.test.UserTestsToProperties - -> Creating User
10:46:58.661 [main] INFO  api.test.UserTestsToProperties - -> User is created
10:46:58.671 [main] INFO  api.test.UserTestsToProperties - -> Reading User Info
10:46:59.438 [main] INFO  api.test.UserTestsToProperties - -> User is update 
10:46:59.441 [main] INFO  api.test.UserTestsToProperties - -> Updating User 
10:47:00.188 [main] INFO  api.test.UserTestsToProperties - -> User  updated
10:47:00.932 [main] INFO  api.test.UserTestsToProperties - -> Deleting User 
10:47:01.679 [main] INFO  api.test.UserTestsToProperties - -> User deleted
10:57:42.644 [main] DEBUG api.test.UserTestsToProperties - debugging...
10:57:42.658 [main] INFO  api.test.UserTestsToProperties - -> Creating User
10:57:45.069 [main] INFO  api.test.UserTestsToProperties - -> User is created
10:57:45.081 [main] INFO  api.test.UserTestsToProperties - -> Reading User Info
10:57:45.853 [main] INFO  api.test.UserTestsToProperties - -> User is update 
10:57:45.855 [main] INFO  api.test.UserTestsToProperties - -> Updating User 
10:57:46.602 [main] INFO  api.test.UserTestsToProperties - -> User  updated
10:57:47.350 [main] INFO  api.test.UserTestsToProperties - -> Deleting User 
10:57:48.105 [main] INFO  api.test.UserTestsToProperties - -> User deleted
11:02:04.818 [main] DEBUG api.test.UserTestsToProperties - debugging...
11:02:04.834 [main] INFO  api.test.UserTestsToProperties - -> Creating User
11:02:07.273 [main] INFO  api.test.UserTestsToProperties - -> User is created
11:02:07.284 [main] INFO  api.test.UserTestsToProperties - -> Reading User Info
11:02:08.049 [main] INFO  api.test.UserTestsToProperties - -> User is update 
11:02:08.051 [main] INFO  api.test.UserTestsToProperties - -> Updating User 
11:02:08.813 [main] INFO  api.test.UserTestsToProperties - -> User  updated
11:02:09.559 [main] INFO  api.test.UserTestsToProperties - -> Deleting User 
11:02:10.299 [main] INFO  api.test.UserTestsToProperties - -> User deleted
11:03:32.405 [main] DEBUG api.test.UserTestsToProperties - debugging...
11:03:32.421 [main] INFO  api.test.UserTestsToProperties - -> Creating User
11:03:34.965 [main] INFO  api.test.UserTestsToProperties - -> User is created
11:03:34.977 [main] INFO  api.test.UserTestsToProperties - -> Reading User Info
11:03:35.748 [main] INFO  api.test.UserTestsToProperties - -> User is update 
11:03:35.749 [main] INFO  api.test.UserTestsToProperties - -> Updating User 
11:03:36.511 [main] INFO  api.test.UserTestsToProperties - -> User  updated
11:03:37.265 [main] INFO  api.test.UserTestsToProperties - -> Deleting User 
11:03:38.021 [main] INFO  api.test.UserTestsToProperties - -> User deleted
11:24:28.188 [main] DEBUG api.test.UserTestsToProperties - debugging...
11:24:28.201 [main] INFO  api.test.UserTestsToProperties - -> Creating User
11:24:30.670 [main] INFO  api.test.UserTestsToProperties - -> User is created
11:24:30.680 [main] INFO  api.test.UserTestsToProperties - -> Reading User Info
11:24:31.459 [main] INFO  api.test.UserTestsToProperties - -> User is update 
11:24:31.460 [main] INFO  api.test.UserTestsToProperties - -> Updating User 
11:24:32.226 [main] INFO  api.test.UserTestsToProperties - -> User  updated
11:24:32.988 [main] INFO  api.test.UserTestsToProperties - -> Deleting User 
11:24:33.744 [main] INFO  api.test.UserTestsToProperties - -> User deleted
11:26:29.659 [main] DEBUG api.test.UserTestsToProperties - debugging...
11:26:29.672 [main] INFO  api.test.UserTestsToProperties - -> Creating User
11:26:32.051 [main] INFO  api.test.UserTestsToProperties - -> User is created
11:26:32.061 [main] INFO  api.test.UserTestsToProperties - -> Reading User Info
11:26:32.841 [main] INFO  api.test.UserTestsToProperties - -> User is update 
11:26:32.843 [main] INFO  api.test.UserTestsToProperties - -> Updating User 
11:26:33.616 [main] INFO  api.test.UserTestsToProperties - -> User  updated
11:26:34.377 [main] INFO  api.test.UserTestsToProperties - -> Deleting User 
11:26:35.129 [main] INFO  api.test.UserTestsToProperties - -> User deleted
11:26:44.874 [main] DEBUG api.test.UserTestsToProperties - debugging...
11:26:44.887 [main] INFO  api.test.UserTestsToProperties - -> Creating User
11:26:47.210 [main] INFO  api.test.UserTestsToProperties - -> User is created
11:26:47.223 [main] INFO  api.test.UserTestsToProperties - -> Reading User Info
11:26:48.013 [main] INFO  api.test.UserTestsToProperties - -> User is update 
11:26:48.014 [main] INFO  api.test.UserTestsToProperties - -> Updating User 
11:26:50.123 [main] INFO  api.test.UserTestsToProperties - -> User  updated
11:26:50.907 [main] INFO  api.test.UserTestsToProperties - -> Deleting User 
11:26:51.659 [main] INFO  api.test.UserTestsToProperties - -> User deleted
11:26:59.797 [main] DEBUG api.test.UserTestsToProperties - debugging...
11:26:59.810 [main] INFO  api.test.UserTestsToProperties - -> Creating User
11:27:02.155 [main] INFO  api.test.UserTestsToProperties - -> User is created
11:27:02.165 [main] INFO  api.test.UserTestsToProperties - -> Reading User Info
11:27:02.967 [main] INFO  api.test.UserTestsToProperties - -> User is update 
11:27:02.968 [main] INFO  api.test.UserTestsToProperties - -> Updating User 
11:27:03.727 [main] INFO  api.test.UserTestsToProperties - -> User  updated
11:27:04.491 [main] INFO  api.test.UserTestsToProperties - -> Deleting User 
11:27:05.251 [main] INFO  api.test.UserTestsToProperties - -> User deleted
11:35:24.991 [main] DEBUG api.test.UserTestsToProperties - debugging...
11:35:25.004 [main] INFO  api.test.UserTestsToProperties - -> Creating User
11:35:27.389 [main] INFO  api.test.UserTestsToProperties - -> User is created
11:35:27.400 [main] INFO  api.test.UserTestsToProperties - -> Reading User Info
11:35:28.171 [main] INFO  api.test.UserTestsToProperties - -> User is update 
11:35:28.172 [main] INFO  api.test.UserTestsToProperties - -> Updating User 
11:35:28.932 [main] INFO  api.test.UserTestsToProperties - -> User  updated
11:35:29.696 [main] INFO  api.test.UserTestsToProperties - -> Deleting User 
11:35:30.449 [main] INFO  api.test.UserTestsToProperties - -> User deleted
11:35:45.038 [main] DEBUG api.test.UserTestsToProperties - debugging...
11:35:45.050 [main] INFO  api.test.UserTestsToProperties - -> Creating User
11:35:47.300 [main] INFO  api.test.UserTestsToProperties - -> User is created
11:35:47.311 [main] INFO  api.test.UserTestsToProperties - -> Reading User Info
11:35:48.085 [main] INFO  api.test.UserTestsToProperties - -> User is update 
11:35:48.086 [main] INFO  api.test.UserTestsToProperties - -> Updating User 
11:35:48.840 [main] INFO  api.test.UserTestsToProperties - -> User  updated
11:35:49.597 [main] INFO  api.test.UserTestsToProperties - -> Deleting User 
11:35:50.348 [main] INFO  api.test.UserTestsToProperties - -> User deleted
11:35:57.191 [main] DEBUG api.test.UserTestsToProperties - debugging...
11:35:57.205 [main] INFO  api.test.UserTestsToProperties - -> Creating User
11:35:59.456 [main] INFO  api.test.UserTestsToProperties - -> User is created
11:35:59.466 [main] INFO  api.test.UserTestsToProperties - -> Reading User Info
11:36:00.239 [main] INFO  api.test.UserTestsToProperties - -> User is update 
11:36:00.240 [main] INFO  api.test.UserTestsToProperties - -> Updating User 
11:36:01.000 [main] INFO  api.test.UserTestsToProperties - -> User  updated
11:36:01.765 [main] INFO  api.test.UserTestsToProperties - -> Deleting User 
11:36:02.520 [main] INFO  api.test.UserTestsToProperties - -> User deleted
12:55:46.913 [main] DEBUG api.test.UserTestsToProperties - debugging...
12:55:46.926 [main] INFO  api.test.UserTestsToProperties - -> Creating User
12:55:49.445 [main] INFO  api.test.UserTestsToProperties - -> User is created
12:55:49.456 [main] INFO  api.test.UserTestsToProperties - -> Reading User Info
12:55:50.232 [main] INFO  api.test.UserTestsToProperties - -> User is update 
12:55:50.233 [main] INFO  api.test.UserTestsToProperties - -> Updating User 
12:55:50.988 [main] INFO  api.test.UserTestsToProperties - -> User  updated
12:55:51.746 [main] INFO  api.test.UserTestsToProperties - -> Deleting User 
12:55:52.507 [main] INFO  api.test.UserTestsToProperties - -> User deleted
21:03:13.072 [main] DEBUG api.test.UserTestsToProperties - debugging...
21:03:13.084 [main] INFO  api.test.UserTestsToProperties - -> Creating User
21:03:16.132 [main] INFO  api.test.UserTestsToProperties - -> User is created
21:03:16.143 [main] INFO  api.test.UserTestsToProperties - -> Reading User Info
21:03:17.191 [main] INFO  api.test.UserTestsToProperties - -> User is update 
21:03:17.194 [main] INFO  api.test.UserTestsToProperties - -> Updating User 
21:03:18.213 [main] INFO  api.test.UserTestsToProperties - -> User  updated
21:03:19.235 [main] INFO  api.test.UserTestsToProperties - -> Deleting User 
21:03:20.258 [main] INFO  api.test.UserTestsToProperties - -> User deleted
21:04:02.277 [main] DEBUG api.test.UserTestsToProperties - debugging...
21:04:02.294 [main] INFO  api.test.UserTestsToProperties - -> Creating User
21:04:05.084 [main] INFO  api.test.UserTestsToProperties - -> User is created
21:04:05.095 [main] INFO  api.test.UserTestsToProperties - -> Reading User Info
21:04:06.141 [main] INFO  api.test.UserTestsToProperties - -> User is update 
21:04:06.144 [main] INFO  api.test.UserTestsToProperties - -> Updating User 
21:04:07.260 [main] INFO  api.test.UserTestsToProperties - -> User  updated
21:04:08.185 [main] INFO  api.test.UserTestsToProperties - -> Deleting User 
21:04:09.202 [main] INFO  api.test.UserTestsToProperties - -> User deleted
